<?xml version="1.0" encoding="UTF-8"?>
<!-- Generated by org.testng.reporters.JUnitReportReporter -->
<testsuite hostname="rajhansji" failures="0" tests="1" name="SerializationDeserialization.EmpSerializationWithObject" time="0.170" errors="0" timestamp="2023-05-07T12:42:28 IST" skipped="0">
  <testcase classname="SerializationDeserialization.EmpSerializationWithObject" name="EmployeeWithSerial" time="0.170"/>
  <system-out/>
</testsuite> <!-- SerializationDeserialization.EmpSerializationWithObject -->
