<?xml version="1.0" encoding="UTF-8"?>
<!-- Generated by org.testng.reporters.JUnitReportReporter -->
<testsuite hostname="rajhansji" failures="0" tests="1" name="CRUDwithBDD.GetSinglePro" time="1.547" errors="0" timestamp="2023-05-08T15:49:03 IST" skipped="0">
  <testcase classname="CRUDwithBDD.GetSinglePro" name="getSingle" time="1.547"/>
  <system-out/>
</testsuite> <!-- CRUDwithBDD.GetSinglePro -->
