<?xml version="1.0" encoding="UTF-8"?>
<!-- Generated by org.testng.reporters.JUnitReportReporter -->
<testsuite hostname="rajhansji" failures="0" tests="1" name="Diffrentparameter.QuaryParameter" time="1.788" errors="0" timestamp="2023-05-11T23:33:57 IST" skipped="0">
  <testcase classname="Diffrentparameter.QuaryParameter" name="quary" time="1.788"/>
  <system-out/>
</testsuite> <!-- Diffrentparameter.QuaryParameter -->
