<?xml version="1.0" encoding="UTF-8"?>
<!-- Generated by org.testng.reporters.JUnitReportReporter -->
<testsuite hostname="rajhansji" failures="0" tests="1" name="SerializationDeserialization.EmpSerialization" time="0.174" errors="0" timestamp="2023-05-07T12:29:06 IST" skipped="0">
  <testcase classname="SerializationDeserialization.EmpSerialization" name="EmployeeSerial" time="0.174"/>
  <system-out/>
</testsuite> <!-- SerializationDeserialization.EmpSerialization -->
