<?xml version="1.0" encoding="UTF-8"?>
<!-- Generated by org.testng.reporters.JUnitReportReporter -->
<testsuite hostname="rajhansji" failures="0" tests="1" name="Diffrentparameter.PathParameter" time="1.826" errors="0" timestamp="2023-05-12T10:21:00 IST" skipped="0">
  <testcase classname="Diffrentparameter.PathParameter" name="path" time="1.826"/>
  <system-out/>
</testsuite> <!-- Diffrentparameter.PathParameter -->
