<?xml version="1.0" encoding="UTF-8"?>
<!-- Generated by org.testng.reporters.JUnitReportReporter -->
<testsuite hostname="rajhansji" failures="0" tests="1" name="authentication.DigestiveAuth" time="2.086" errors="0" timestamp="2023-05-12T10:52:18 IST" skipped="0">
  <testcase classname="authentication.DigestiveAuth" name="digest" time="2.086"/>
  <system-out/>
</testsuite> <!-- authentication.DigestiveAuth -->
