<?xml version="1.0" encoding="UTF-8"?>
<!-- Generated by org.testng.reporters.JUnitReportReporter -->
<testsuite hostname="rajhansji" failures="0" tests="1" name="requestchaning.ReqChaning" time="3.719" errors="0" timestamp="2023-05-11T14:18:51 IST" skipped="0">
  <testcase classname="requestchaning.ReqChaning" name="chain" time="3.719"/>
  <system-out/>
</testsuite> <!-- requestchaning.ReqChaning -->
