<?xml version="1.0" encoding="UTF-8"?>
<!-- Generated by org.testng.reporters.JUnitReportReporter -->
<testsuite hostname="rajhansji" failures="0" tests="1" name="BodyResponseValidation.DynamicResponseValidation" time="2.440" errors="0" timestamp="2023-05-09T16:23:12 IST" skipped="0">
  <testcase classname="BodyResponseValidation.DynamicResponseValidation" name="dynamic" time="2.440"/>
  <system-out/>
</testsuite> <!-- BodyResponseValidation.DynamicResponseValidation -->
