<?xml version="1.0" encoding="UTF-8"?>
<!-- Generated by org.testng.reporters.JUnitReportReporter -->
<testsuite hostname="rajhansji" failures="0" tests="1" name="authentication.Oauth2_Ex" time="3.571" errors="0" timestamp="2023-05-12T13:03:03 IST" skipped="0">
  <testcase classname="authentication.Oauth2_Ex" name="oauth" time="3.571"/>
  <system-out/>
</testsuite> <!-- authentication.Oauth2_Ex -->
