<?xml version="1.0" encoding="UTF-8"?>
<!-- Generated by org.testng.reporters.JUnitReportReporter -->
<testsuite hostname="rajhansji" failures="0" tests="1" name="ScenarioBased.CreateAndVerifyFromDB" time="7.720" errors="0" timestamp="2023-05-16T13:24:08 IST" skipped="0">
  <testcase classname="ScenarioBased.CreateAndVerifyFromDB" name="createPro" time="7.720"/>
  <system-out/>
</testsuite> <!-- ScenarioBased.CreateAndVerifyFromDB -->
