<?xml version="1.0" encoding="UTF-8"?>
<!-- Generated by org.testng.reporters.JUnitReportReporter -->
<testsuite hostname="rajhansji" failures="0" tests="1" name="CRUDwithBDD.PatchPro" time="1.846" errors="0" timestamp="2023-05-08T15:50:16 IST" skipped="0">
  <testcase classname="CRUDwithBDD.PatchPro" name="create" time="1.846"/>
  <system-out/>
</testsuite> <!-- CRUDwithBDD.PatchPro -->
