<?xml version="1.0" encoding="UTF-8"?>
<!-- Generated by org.testng.reporters.JUnitReportReporter -->
<testsuite hostname="rajhansji" failures="0" tests="1" name="CrudwitoutBDD.getSingleProject" time="1.517" errors="0" timestamp="2023-05-08T11:33:02 IST" skipped="0">
  <testcase classname="CrudwitoutBDD.getSingleProject" name="getSinglePro" time="1.517"/>
  <system-out/>
</testsuite> <!-- CrudwitoutBDD.getSingleProject -->
