<?xml version="1.0" encoding="UTF-8"?>
<!-- Generated by org.testng.reporters.JUnitReportReporter -->
<testsuite hostname="rajhansji" failures="0" tests="1" name="ScenarioBased.Scenario2CreateInGuiValidateInDB" time="6.991" errors="0" timestamp="2023-05-16T15:45:24 IST" skipped="0">
  <testcase classname="ScenarioBased.Scenario2CreateInGuiValidateInDB" name="createpro" time="6.991"/>
  <system-out/>
</testsuite> <!-- ScenarioBased.Scenario2CreateInGuiValidateInDB -->
