<?xml version="1.0" encoding="UTF-8"?>
<!-- Generated by org.testng.reporters.JUnitReportReporter -->
<testsuite hostname="rajhansji" failures="0" tests="1" name="SerializationDeserialization.EmpSerializationWithArray" time="0.170" errors="0" timestamp="2023-05-07T12:43:23 IST" skipped="0">
  <testcase classname="SerializationDeserialization.EmpSerializationWithArray" name="EmpDesrialArray" time="0.170"/>
  <system-out/>
</testsuite> <!-- SerializationDeserialization.EmpSerializationWithArray -->
