<?xml version="1.0" encoding="UTF-8"?>
<!-- Generated by org.testng.reporters.JUnitReportReporter -->
<testsuite hostname="rajhansji" failures="0" tests="1" name="ScenarioBased.Scenario3" time="1.938" errors="0" timestamp="2023-05-16T15:52:15 IST" skipped="0">
  <testcase classname="ScenarioBased.Scenario3" name="createPro" time="1.938"/>
  <system-out/>
</testsuite> <!-- ScenarioBased.Scenario3 -->
