<?xml version="1.0" encoding="UTF-8"?>
<!-- Generated by org.testng.reporters.JUnitReportReporter -->
<testsuite hostname="rajhansji" failures="0" tests="1" name="SerializationDeserialization.EmpDeserializationWithObject" time="0.179" errors="0" timestamp="2023-05-08T10:14:08 IST" skipped="0">
  <testcase classname="SerializationDeserialization.EmpDeserializationWithObject" name="EmpDesrialArray" time="0.179"/>
  <system-out/>
</testsuite> <!-- SerializationDeserialization.EmpDeserializationWithObject -->
