<?xml version="1.0" encoding="UTF-8"?>
<!-- Generated by org.testng.reporters.JUnitReportReporter -->
<testsuite hostname="rajhansji" failures="0" tests="1" name="ScenarioBased.S1CreateAndVerifyFromDB" time="7.238" errors="0" timestamp="2023-05-16T13:32:24 IST" skipped="0">
  <testcase classname="ScenarioBased.S1CreateAndVerifyFromDB" name="createPro" time="7.238"/>
  <system-out/>
</testsuite> <!-- ScenarioBased.S1CreateAndVerifyFromDB -->
