<?xml version="1.0" encoding="UTF-8"?>
<!-- Generated by org.testng.reporters.JUnitReportReporter -->
<testsuite hostname="rajhansji" failures="0" tests="1" name="CRUDwithBDD.CreateProject" time="1.830" errors="0" timestamp="2023-05-08T15:43:50 IST" skipped="0">
  <testcase classname="CRUDwithBDD.CreateProject" name="create" time="1.830"/>
  <system-out/>
</testsuite> <!-- CRUDwithBDD.CreateProject -->
