<?xml version="1.0" encoding="UTF-8"?>
<!-- Generated by org.testng.reporters.JUnitReportReporter -->
<testsuite hostname="rajhansji" failures="0" tests="1" name="DDiffrentWaysToPost.CreatePro" time="2.259" errors="0" timestamp="2023-05-09T10:47:58 IST" skipped="0">
  <testcase classname="DDiffrentWaysToPost.CreatePro" name="create" time="2.259"/>
  <system-out/>
</testsuite> <!-- DDiffrentWaysToPost.CreatePro -->
