<?xml version="1.0" encoding="UTF-8"?>
<!-- Generated by org.testng.reporters.JUnitReportReporter -->
<testsuite hostname="rajhansji" failures="0" tests="1" name="authentication.BasicAuth" time="1.707" errors="0" timestamp="2023-05-12T10:44:59 IST" skipped="0">
  <testcase classname="authentication.BasicAuth" name="basicauth" time="1.707"/>
  <system-out/>
</testsuite> <!-- authentication.BasicAuth -->
