<?xml version="1.0" encoding="UTF-8"?>
<!-- Generated by org.testng.reporters.JUnitReportReporter -->
<testsuite hostname="rajhansji" failures="0" tests="1" name="DDiffrentWaysToPost.GetSinglePro" time="1.580" errors="0" timestamp="2023-05-09T10:59:20 IST" skipped="0">
  <testcase classname="DDiffrentWaysToPost.GetSinglePro" name="getsingle" time="1.580"/>
  <system-out/>
</testsuite> <!-- DDiffrentWaysToPost.GetSinglePro -->
