<?xml version="1.0" encoding="UTF-8"?>
<!-- Generated by org.testng.reporters.JUnitReportReporter -->
<testsuite hostname="rajhansji" failures="0" tests="1" name="CRUDwithBDD.DeletePro" time="1.671" errors="0" timestamp="2023-05-08T16:00:15 IST" skipped="0">
  <testcase classname="CRUDwithBDD.DeletePro" name="delete" time="1.671"/>
  <system-out/>
</testsuite> <!-- CRUDwithBDD.DeletePro -->
