<?xml version="1.0" encoding="UTF-8"?>
<!-- Generated by org.testng.reporters.JUnitReportReporter -->
<testsuite hostname="rajhansji" failures="0" tests="1" name="DDiffrentWaysToPost.GetAllPro" time="1.832" errors="0" timestamp="2023-05-09T15:15:51 IST" skipped="0">
  <testcase classname="DDiffrentWaysToPost.GetAllPro" name="getll" time="1.832"/>
  <system-out/>
</testsuite> <!-- DDiffrentWaysToPost.GetAllPro -->
