<?xml version="1.0" encoding="UTF-8"?>
<!-- Generated by org.testng.reporters.JUnitReportReporter -->
<testsuite hostname="rajhansji" failures="0" tests="1" name="SerializationDeserialization.SerialiseStudent" time="0.234" errors="0" timestamp="2023-05-08T22:13:20 IST" skipped="0">
  <testcase classname="SerializationDeserialization.SerialiseStudent" name="testStudent" time="0.234"/>
  <system-out/>
</testsuite> <!-- SerializationDeserialization.SerialiseStudent -->
