<?xml version="1.0" encoding="UTF-8"?>
<!-- Generated by org.testng.reporters.JUnitReportReporter -->
<testsuite hostname="rajhansji" failures="0" tests="1" name="CRUDwithBDD.GetAllPro" time="1.744" errors="0" timestamp="2023-05-08T15:47:43 IST" skipped="0">
  <testcase classname="CRUDwithBDD.GetAllPro" name="getAll" time="1.744"/>
  <system-out/>
</testsuite> <!-- CRUDwithBDD.GetAllPro -->
