<?xml version="1.0" encoding="UTF-8"?>
<!-- Generated by org.testng.reporters.JUnitReportReporter -->
<testsuite hostname="rajhansji" failures="0" tests="1" name="authentication.BarrierTokenUpd" time="2.853" errors="0" timestamp="2023-05-12T11:21:19 IST" skipped="0">
  <testcase classname="authentication.BarrierTokenUpd" name="btokenUpd" time="2.853"/>
  <system-out/>
</testsuite> <!-- authentication.BarrierTokenUpd -->
