<?xml version="1.0" encoding="UTF-8"?>
<!-- Generated by org.testng.reporters.JUnitReportReporter -->
<testsuite hostname="rajhansji" failures="0" tests="1" name="CrudwitoutBDD.DeleteProject" time="1.551" errors="0" timestamp="2023-05-08T12:05:42 IST" skipped="0">
  <testcase classname="CrudwitoutBDD.DeleteProject" name="delete" time="1.551"/>
  <system-out/>
</testsuite> <!-- CrudwitoutBDD.DeleteProject -->
