<?xml version="1.0" encoding="UTF-8"?>
<!-- Generated by org.testng.reporters.JUnitReportReporter -->
<testsuite hostname="rajhansji" failures="0" tests="1" name="authentication.BarrierTokenCreateRepo" time="3.607" errors="0" timestamp="2023-05-12T11:20:25 IST" skipped="0">
  <testcase classname="authentication.BarrierTokenCreateRepo" name="barrierToken" time="3.607"/>
  <system-out/>
</testsuite> <!-- authentication.BarrierTokenCreateRepo -->
