<?xml version="1.0" encoding="UTF-8"?>
<!-- Generated by org.testng.reporters.JUnitReportReporter -->
<testsuite hostname="rajhansji" failures="0" tests="1" name="authentication.BarrierToken" time="3.780" errors="0" timestamp="2023-05-12T11:06:51 IST" skipped="0">
  <testcase classname="authentication.BarrierToken" name="barrierToken" time="3.780"/>
  <system-out/>
</testsuite> <!-- authentication.BarrierToken -->
