<?xml version="1.0" encoding="UTF-8"?>
<!-- Generated by org.testng.reporters.JUnitReportReporter -->
<testsuite hostname="rajhansji" failures="0" tests="1" name="DDiffrentWaysToPost.postByFile" time="1.658" errors="0" timestamp="2023-05-09T12:40:47 IST" skipped="0">
  <testcase classname="DDiffrentWaysToPost.postByFile" name="create" time="1.658"/>
  <system-out/>
</testsuite> <!-- DDiffrentWaysToPost.postByFile -->
