<?xml version="1.0" encoding="UTF-8"?>
<!-- Generated by org.testng.reporters.JUnitReportReporter -->
<testsuite hostname="rajhansji" failures="0" tests="1" name="BodyResponseValidation.StaticResponseValidation" time="2.463" errors="0" timestamp="2023-05-09T15:17:52 IST" skipped="0">
  <testcase classname="BodyResponseValidation.StaticResponseValidation" name="StaticResp" time="2.463"/>
  <system-out/>
</testsuite> <!-- BodyResponseValidation.StaticResponseValidation -->
