<?xml version="1.0" encoding="UTF-8"?>
<!-- Generated by org.testng.reporters.JUnitReportReporter -->
<testsuite hostname="rajhansji" failures="0" tests="1" name="CrudwitoutBDD.PatchProject" time="1.870" errors="0" timestamp="2023-05-08T12:14:57 IST" skipped="0">
  <testcase classname="CrudwitoutBDD.PatchProject" name="patchproject" time="1.870"/>
  <system-out/>
</testsuite> <!-- CrudwitoutBDD.PatchProject -->
