<?xml version="1.0" encoding="UTF-8"?>
<!-- Generated by org.testng.reporters.JUnitReportReporter -->
<testsuite hostname="rajhansji" failures="0" tests="1" name="CrudwitoutBDD.GetProject" time="1.733" errors="0" timestamp="2023-05-08T12:05:17 IST" skipped="0">
  <testcase classname="CrudwitoutBDD.GetProject" name="getAllProject" time="1.733"/>
  <system-out/>
</testsuite> <!-- CrudwitoutBDD.GetProject -->
