<?xml version="1.0" encoding="UTF-8"?>
<!-- Generated by org.testng.reporters.JUnitReportReporter -->
<testsuite hostname="rajhansji" failures="0" tests="1" name="SerializationDeserialization.DeserialiseStudent" time="0.176" errors="0" timestamp="2023-07-05T12:48:19 IST" skipped="0">
  <testcase classname="SerializationDeserialization.DeserialiseStudent" name="deserializestud" time="0.176"/>
  <system-out/>
</testsuite> <!-- SerializationDeserialization.DeserialiseStudent -->
