<?xml version="1.0" encoding="UTF-8"?>
<!-- Generated by org.testng.reporters.JUnitReportReporter -->
<testsuite hostname="rajhansji" failures="0" tests="1" name="SerializationDeserialization.EmpDeserialization" time="0.182" errors="0" timestamp="2023-06-26T13:30:18 IST" skipped="0">
  <testcase classname="SerializationDeserialization.EmpDeserialization" name="EmployeeDesrial" time="0.182"/>
  <system-out/>
</testsuite> <!-- SerializationDeserialization.EmpDeserialization -->
