<?xml version="1.0" encoding="UTF-8"?>
<!-- Generated by org.testng.reporters.JUnitReportReporter -->
<testsuite hostname="rajhansji" failures="0" tests="1" name="headervalidation.ValidateHeader" time="1.553" errors="0" timestamp="2023-05-16T12:12:22 IST" skipped="0">
  <testcase classname="headervalidation.ValidateHeader" name="headvaldte" time="1.553"/>
  <system-out/>
</testsuite> <!-- headervalidation.ValidateHeader -->
