<?xml version="1.0" encoding="UTF-8"?>
<!-- Generated by org.testng.reporters.JUnitReportReporter -->
<testsuite hostname="rajhansji" failures="0" tests="4" name="dataprovider.CreateMultipleProjectWithDiffData" time="2.344" errors="0" timestamp="2023-05-11T17:08:52 IST" skipped="0">
  <testcase classname="dataprovider.CreateMultipleProjectWithDiffData" name="createPro" time="2.030"/>
  <system-out/>
  <testcase classname="dataprovider.CreateMultipleProjectWithDiffData" name="createPro" time="0.124"/>
  <system-out/>
  <testcase classname="dataprovider.CreateMultipleProjectWithDiffData" name="createPro" time="0.084"/>
  <system-out/>
  <testcase classname="dataprovider.CreateMultipleProjectWithDiffData" name="createPro" time="0.106"/>
  <system-out/>
</testsuite> <!-- dataprovider.CreateMultipleProjectWithDiffData -->
