<?xml version="1.0" encoding="UTF-8"?>
<!-- Generated by org.testng.reporters.JUnitReportReporter -->
<testsuite hostname="rajhansji" failures="0" tests="1" name="CrudwitoutBDD.CreateProject" time="2.034" errors="0" timestamp="2023-05-08T12:57:18 IST" skipped="0">
  <testcase classname="CrudwitoutBDD.CreateProject" name="create" time="2.034"/>
  <system-out/>
</testsuite> <!-- CrudwitoutBDD.CreateProject -->
