<?xml version="1.0" encoding="UTF-8"?>
<!-- Generated by org.testng.reporters.JUnitReportReporter -->
<testsuite hostname="rajhansji" failures="0" tests="1" name="DDiffrentWaysToPost.PostByPojo" time="2.032" errors="0" timestamp="2023-05-09T12:20:47 IST" skipped="0">
  <testcase classname="DDiffrentWaysToPost.PostByPojo" name="create" time="2.032"/>
  <system-out/>
</testsuite> <!-- DDiffrentWaysToPost.PostByPojo -->
